<?xml version="1.0" encoding="UTF-8"?>
<!-- Generated by org.testng.reporters.JUnitReportReporter -->
<testsuite hostname="DESKTOP-QNHJ5Q7" failures="0" tests="1" name="POMtest.LoginTest" time="9.903" errors="0" timestamp="2022-12-11T21:49:59 PST" skipped="0">
  <testcase classname="POMtest.LoginTest" name="verifyLogin" time="9.903"/>
  <system-out/>
</testsuite> <!-- POMtest.LoginTest -->
