<?xml version="1.0" encoding="UTF-8"?>
<!-- Generated by org.testng.reporters.JUnitReportReporter -->
<testsuite hostname="DESKTOP-QNHJ5Q7" failures="0" tests="1" name="actionExample.actionDemo" time="6.954" errors="0" timestamp="2022-12-11T21:49:59 PST" skipped="0">
  <testcase classname="actionExample.actionDemo" name="rightClick" time="6.954"/>
  <system-out/>
</testsuite> <!-- actionExample.actionDemo -->
